build/app/outputs/mapping/release/seeds.txt
io.flutter.embedding.engine.systemchannels.PlatformChannel$SystemUiOverlay: io.flutter.embedding.engine.systemchannels.PlatformChannel$SystemUiOverlay[] values()
io.flutter.embedding.engine.systemchannels.PlatformChannel$ClipboardContentFormat: io.flutter.embedding.engine.systemchannels.PlatformChannel$ClipboardContentFormat[] values()
io.flutter.embedding.engine.FlutterJNI: void nativeSurfaceWindowChanged(long,android.view.Surface)
io.flutter.plugin.platform.SingleViewPresentation: SingleViewPresentation(android.content.Context,android.view.Display,io.flutter.plugin.platform.AccessibilityEventsDelegate,io.flutter.plugin.platform.SingleViewPresentation$PresentationState,android.view.View$OnFocusChangeListener,boolean)
io.flutter.embedding.engine.FlutterJNI: float refreshRateFPS
androidx.lifecycle.Lifecycle$Event: androidx.lifecycle.Lifecycle$Event valueOf(java.lang.String)
io.flutter.embedding.android.FlutterView$ZeroSides: io.flutter.embedding.android.FlutterView$ZeroSides valueOf(java.lang.String)
io.flutter.embedding.engine.systemchannels.TextInputChannel$TextCapitalization: io.flutter.embedding.engine.systemchannels.TextInputChannel$TextCapitalization[] values()
io.flutter.plugin.editing.TextInputPlugin$InputTarget$Type: io.flutter.plugin.editing.TextInputPlugin$InputTarget$Type valueOf(java.lang.String)
io.flutter.plugin.editing.ImeSyncDeferringInsetsCallback: android.view.View view
io.flutter.view.AccessibilityViewEmbedder: void setFlutterNodesTranslateBounds(android.view.accessibility.AccessibilityNodeInfo,android.graphics.Rect,android.view.accessibility.AccessibilityNodeInfo)
androidx.lifecycle.Lifecycle$Event: androidx.lifecycle.Lifecycle$Event ON_STOP
io.flutter.embedding.engine.FlutterOverlaySurface: FlutterOverlaySurface(int,android.view.Surface)
io.flutter.embedding.engine.FlutterJNI: java.lang.String[] computePlatformResolvedLocale(java.lang.String[])
io.flutter.embedding.engine.FlutterJNI: void nativeDispatchEmptyPlatformMessage(long,java.lang.String,int)
io.flutter.embedding.engine.renderer.SurfaceTextureWrapper: void getTransformMatrix(float[])
androidx.lifecycle.Lifecycle$Event: androidx.lifecycle.Lifecycle$Event ON_ANY
io.flutter.embedding.engine.systemchannels.PlatformChannel$DeviceOrientation: io.flutter.embedding.engine.systemchannels.PlatformChannel$DeviceOrientation[] values()
io.flutter.view.FlutterCallbackInformation: java.lang.String callbackLibraryPath
io.flutter.embedding.engine.FlutterJNI: void onBeginFrame()
io.flutter.embedding.android.FlutterSplashView$SavedState: FlutterSplashView$SavedState(android.os.Parcel)
androidx.lifecycle.LiveData$LifecycleBoundObserver
io.flutter.embedding.engine.mutatorsstack.FlutterMutatorView
io.flutter.embedding.engine.mutatorsstack.FlutterMutatorsStack: android.graphics.Matrix finalMatrix
io.flutter.view.AccessibilityViewEmbedder: android.view.accessibility.AccessibilityNodeInfo getRootNode(android.view.View,int,android.graphics.Rect)
io.flutter.view.AccessibilityViewEmbedder: java.util.Map originToFlutterId
io.flutter.plugins.imagepicker.ImagePickerPlugin$LifeCycleObserver
io.flutter.embedding.engine.systemchannels.TextInputChannel$TextInputType: io.flutter.embedding.engine.systemchannels.TextInputChannel$TextInputType valueOf(java.lang.String)
io.flutter.view.FlutterCallbackInformation: java.lang.String callbackClassName
io.flutter.embedding.engine.FlutterJNI: void setAccessibilityFeatures(int)
io.flutter.embedding.android.TransparencyMode: io.flutter.embedding.android.TransparencyMode[] values()