build/app/outputs/mapping/release/mapping.txt
# compiler: R8
# compiler_version: 2.1.62
# min_api: 16
# pg_map_id: af2de00
# common_typos_disable
...
androidx.collection.MapCollections$KeySet -> a.b.c$c:
    androidx.collection.MapCollections this$0 -> a
androidx.collection.MapCollections$MapIterator -> a.b.c$d:
    int mIndex -> b
    boolean mEntryValid -> c
    androidx.collection.MapCollections this$0 -> d
    int mEnd -> a
    java.util.Map$Entry next() -> a
androidx.collection.MapCollections$ValuesCollection -> a.b.c$e:
    androidx.collection.MapCollections this$0 -> a
androidx.collection.SimpleArrayMap -> a.b.d:
    java.lang.Object[] mBaseCache -> d
    java.lang.Object[] mArray -> b
    int mTwiceBaseCacheSize -> g
    int mBaseCacheSize -> e
    int[] mHashes -> a
    int mSize -> c
    java.lang.Object[] mTwiceBaseCache -> f
    void allocArrays(int) -> a
    int binarySearchHashes(int[],int,int) -> b
    void ensureCapacity(int) -> c
    void freeArrays(int[],java.lang.Object[],int) -> d
    int indexOf(java.lang.Object,int) -> e
    int indexOfKey(java.lang.Object) -> f
    int indexOfNull() -> g
    int indexOfValue(java.lang.Object) -> h
    java.lang.Object keyAt(int) -> i
    java.lang.Object removeAt(int) -> j
    java.lang.Object setValueAt(int,java.lang.Object) -> k
    java.lang.Object valueAt(int) -> l
androidx.core.app.ActivityCompat -> androidx.core.app.a:
    androidx.core.app.ActivityCompat$PermissionCompatDelegate sDelegate -> a
    void requestPermissions(android.app.Activity,java.lang.String[],int) -> d
    boolean shouldShowRequestPermissionRationale(android.app.Activity,java.lang.String) -> e
androidx.core.app.ActivityCompat$1 -> androidx.core.app.a$a:
    java.lang.String[] val$permissions -> a
    int val$requestCode -> c
    android.app.Activity val$activity -> b
androidx.core.app.ActivityCompat$OnRequestPermissionsResultCallback -> androidx.core.app.a$b:
    void onRequestPermissionsResult(int,java.lang.String[],int[]) -> a
androidx.core.app.ActivityCompat$PermissionCompatDelegate -> androidx.core.app.a$c:
    boolean requestPermissions(android.app.Activity,java.lang.String[],int) -> a
androidx.core.app.ActivityCompat$RequestPermissionsRequestCodeValidator -> androidx.core.app.a$d:
    void validateRequestPermissionsRequestCode(int) -> a
androidx.core.app.ComponentActivity -> androidx.core.app.b:
androidx.core.app.CoreComponentFactory -> androidx.core.app.CoreComponentFactory:
    java.lang.Object checkCompatWrapper(java.lang.Object) -> a
androidx.core.app.CoreComponentFactory$CompatWrapped -> androidx.core.app.CoreComponentFactory$a:
    java.lang.Object getWrapper() -> a
androidx.core.app.NotificationManagerCompat -> androidx.core.app.c:
    android.content.Context mContext -> a
    android.app.NotificationManager mNotificationManager -> b
    boolean areNotificationsEnabled() -> a
    androidx.core.app.NotificationManagerCompat from(android.content.Context) -> b
androidx.core.app.RemoteActionCompat -> androidx.core.app.RemoteActionCompat:
    androidx.core.graphics.drawable.IconCompat mIcon -> a
    java.lang.CharSequence mTitle -> b
    java.lang.CharSequence mContentDescription -> c
    boolean mEnabled -> e
    boolean mShouldShowIcon -> f
    android.app.PendingIntent mActionIntent -> d
androidx.core.content.ContextCompat -> a.c.a.a:
    int checkSelfPermission(android.content.Context,java.lang.String) -> a
    java.io.File[] getExternalCacheDirs(android.content.Context) -> b
    java.io.File[] getExternalFilesDirs(android.content.Context,java.lang.String) -> c